<?xml version="1.0" encoding="UTF-8"?>
<!-- Generated by org.testng.reporters.JUnitXMLReporter -->
<testsuite ignored="0" hostname="LAPTOP-GMQ7TUVJ" failures="1" tests="1" name="Test" time="5.292" errors="0" timestamp="2021-07-22T00:21:30 IST">
  <testcase classname="ui.Pratice" name="test" time="5.022">
    <failure type="java.lang.AssertionError" message="expected [Arpit] but found [लॉग इन करें]">
      <![CDATA[java.lang.AssertionError: expected [Arpit] but found [लॉग इन करें]
at ui.Pratice.test(Pratice.java:47)
at java.base/java.util.ArrayList.forEach(ArrayList.java:1511)
... Removed 33 stack frames]]>
    </failure>
  </testcase> <!-- test -->
</testsuite> <!-- Test -->
